Using pre-set license
Built from '2020.3/staging' branch; Version is '2020.3.11f1 (99c7afb366b3) revision 10078127'; Using compiler version '192528614'; Build Type 'Release'
OS: 'Windows 10 Home Single Language; OS build 18363.1556; Version 1909; 64bit' Language: 'en' Physical Memory: 8066 MB
BatchMode: 1, IsHumanControllingUs: 0, StartBugReporterOnCrash: 0, Is64bit: 1, IsPro: 0

 COMMAND LINE ARGUMENTS:
C:\Program Files\Unity\Hub\Editor\2020.3.11f1\Editor\Unity.exe
-adb2
-batchMode
-noUpm
-name
AssetImportWorker0
-projectPath
D:/Unity/Project
-logFile
Logs/AssetImportWorker0.log
-srvPort
61083
Successfully changed project path to: D:/Unity/Project
D:/Unity/Project
Using Asset Import Pipeline V2.
Refreshing native plugins compatible for Editor in 43.75 ms, found 2 plugins.
Preloading 0 native plugins for Editor in 0.00 ms.
Initialize engine version: 2020.3.11f1 (99c7afb366b3)
[Subsystems] Discovering subsystems at path C:/Program Files/Unity/Hub/Editor/2020.3.11f1/Editor/Data/Resources/UnitySubsystems
[Subsystems] Discovering subsystems at path D:/Unity/Project/Assets
GfxDevice: creating device client; threaded=0
Direct3D:
    Version:  Direct3D 11.0 [level 11.1]
    Renderer: NVIDIA GeForce GTX 1050 (ID=0x1c8d)
    Vendor:   
    VRAM:     4021 MB
    Driver:   27.21.14.6647
Initialize mono
Mono path[0] = 'C:/Program Files/Unity/Hub/Editor/2020.3.11f1/Editor/Data/Managed'
Mono path[1] = 'C:/Program Files/Unity/Hub/Editor/2020.3.11f1/Editor/Data/MonoBleedingEdge/lib/mono/unityjit'
Mono config path = 'C:/Program Files/Unity/Hub/Editor/2020.3.11f1/Editor/Data/MonoBleedingEdge/etc'
Using monoOptions --debugger-agent=transport=dt_socket,embedding=1,server=y,suspend=n,address=127.0.0.1:56880
Begin MonoManager ReloadAssembly
Registering precompiled unity dll's ...
Register platform support module: C:/Program Files/Unity/Hub/Editor/2020.3.11f1/Editor/Data/PlaybackEngines/WindowsStandaloneSupport/UnityEditor.WindowsStandalone.Extensions.dll
Registered in 0.001893 seconds.
Native extension for WindowsStandalone target not found
Refreshing native plugins compatible for Editor in 37.35 ms, found 2 plugins.
Preloading 0 native plugins for Editor in 0.00 ms.
Mono: successfully reloaded assembly
- Completed reload, in  1.072 seconds
Platform modules already initialized, skipping
Registering precompiled user dll's ...
Registered in 0.003356 seconds.
Begin MonoManager ReloadAssembly
Native extension for WindowsStandalone target not found
Refreshing native plugins compatible for Editor in 0.60 ms, found 2 plugins.
Preloading 0 native plugins for Editor in 0.00 ms.
Mono: successfully reloaded assembly
- Completed reload, in  1.051 seconds
Platform modules already initialized, skipping
========================================================================
Worker process is ready to serve import requests
Launched and connected shader compiler UnityShaderCompiler.exe after 0.05 seconds
Refreshing native plugins compatible for Editor in 0.57 ms, found 2 plugins.
Preloading 0 native plugins for Editor in 0.00 ms.
Unloading 1962 Unused Serialized files (Serialized files now loaded: 0)
System memory in use before: 80.8 MB.
System memory in use after: 80.9 MB.

Unloading 57 unused Assets to reduce memory usage. Loaded Objects now: 2368.
Total: 5.325300 ms (FindLiveObjects: 0.194000 ms CreateObjectMapping: 0.068300 ms MarkObjects: 5.019400 ms  DeleteObjects: 0.042400 ms)

========================================================================
Received Import Request.
  path: Assets/Pic/Player2down.png
  artifactKey: Guid(e26e392deeaebae43a9f58d2257b3d42) Importer(815301076,1909f56bfc062723c751e8b465ee728b)
Start importing Assets/Pic/Player2down.png using Guid(e26e392deeaebae43a9f58d2257b3d42) Importer(815301076,1909f56bfc062723c751e8b465ee728b)  -> (artifact id: 'a14e1359453afd9419c21eed400454f2') in 0.456389 seconds
  Import took 0.508327 seconds .

========================================================================
Received Import Request.
  Time since last request: 0.000239 seconds.
  path: Assets/Pic/Player1up.png
  artifactKey: Guid(8e4aea3cc07a9d64992d20b1b190114a) Importer(815301076,1909f56bfc062723c751e8b465ee728b)
Start importing Assets/Pic/Player1up.png using Guid(8e4aea3cc07a9d64992d20b1b190114a) Importer(815301076,1909f56bfc062723c751e8b465ee728b)  -> (artifact id: '817d8f595057da31de94d2ab6596eb8a') in 0.014947 seconds
  Import took 0.049455 seconds .

========================================================================
Received Import Request.
  Time since last request: 0.000299 seconds.
  path: Assets/Pic/Player1down.png
  artifactKey: Guid(abf377d922cd04240b67bb61eaf4817d) Importer(815301076,1909f56bfc062723c751e8b465ee728b)
Start importing Assets/Pic/Player1down.png using Guid(abf377d922cd04240b67bb61eaf4817d) Importer(815301076,1909f56bfc062723c751e8b465ee728b)  -> (artifact id: '08e4ecf2294271ee97b5a5051ed691a0') in 0.014470 seconds
  Import took 0.038979 seconds .

========================================================================
Received Import Request.
  Time since last request: 0.000326 seconds.
  path: Assets/Pic/Player2up.png
  artifactKey: Guid(d51f7b65409a8f44ebeb1bc97e18b327) Importer(815301076,1909f56bfc062723c751e8b465ee728b)
Start importing Assets/Pic/Player2up.png using Guid(d51f7b65409a8f44ebeb1bc97e18b327) Importer(815301076,1909f56bfc062723c751e8b465ee728b)  -> (artifact id: 'c8ebfae1b441ae3e15d68f80a81a0750') in 0.018701 seconds
  Import took 0.022620 seconds .

========================================================================
Received Import Request.
  Time since last request: 57.664841 seconds.
  path: Assets/Prefab/Player.prefab
  artifactKey: Guid(8ee393f85b382c24abfe373dd0d22652) Importer(815301076,1909f56bfc062723c751e8b465ee728b)
Start importing Assets/Prefab/Player.prefab using Guid(8ee393f85b382c24abfe373dd0d22652) Importer(815301076,1909f56bfc062723c751e8b465ee728b)  -> (artifact id: '3d41e80f4f64d51fa3fea4a620813245') in 0.373475 seconds
  Import took 0.494502 seconds .

========================================================================
Received Prepare
Registering precompiled user dll's ...
Registered in 0.003295 seconds.
Begin MonoManager ReloadAssembly
Native extension for WindowsStandalone target not found
Refreshing native plugins compatible for Editor in 1.11 ms, found 2 plugins.
Preloading 0 native plugins for Editor in 0.00 ms.
Mono: successfully reloaded assembly
- Completed reload, in  1.616 seconds
Platform modules already initialized, skipping
Switching build target platform(19) subTarget(0) extendedPlatform(0) -> platform(13) subTarget(589824) extendedPlatform(0)
Refreshing native plugins compatible for Editor in 1.75 ms, found 2 plugins.
Preloading 0 native plugins for Editor in 0.00 ms.
Unloading 1959 Unused Serialized files (Serialized files now loaded: 0)
System memory in use before: 83.7 MB.
System memory in use after: 83.8 MB.

Unloading 49 unused Assets to reduce memory usage. Loaded Objects now: 2380.
Total: 7.638000 ms (FindLiveObjects: 0.213000 ms CreateObjectMapping: 0.089700 ms MarkObjects: 7.280400 ms  DeleteObjects: 0.052800 ms)

AssetImportParameters requested are different than current active one (requested -> active):
  custom:graphics/normal-map-encoding: 01000000000000000000000000000000 -> 02000000000000000000000000000000
========================================================================
Received Import Request.
  Time since last request: 52.779651 seconds.
  path: Assets/Prefab/Player1 (1).prefab
  artifactKey: Guid(afdef79f4db53054ca18dd3305471bbe) Importer(815301076,1909f56bfc062723c751e8b465ee728b)
Start importing Assets/Prefab/Player1 (1).prefab using Guid(afdef79f4db53054ca18dd3305471bbe) Importer(815301076,1909f56bfc062723c751e8b465ee728b)  -> (artifact id: '2824d1cae1949615080e610d6f649bd6') in 0.081455 seconds
  Import took 0.125003 seconds .

========================================================================
Received Import Request.
  Time since last request: 0.002350 seconds.
  path: Assets/Prefab/Player1 (1).prefab
  artifactKey: Guid(afdef79f4db53054ca18dd3305471bbe) Importer(815301076,1909f56bfc062723c751e8b465ee728b)
Start importing Assets/Prefab/Player1 (1).prefab using Guid(afdef79f4db53054ca18dd3305471bbe) Importer(815301076,1909f56bfc062723c751e8b465ee728b)  -> (artifact id: '2824d1cae1949615080e610d6f649bd6') in 0.013364 seconds
  Import took 0.051703 seconds .

========================================================================
Received Import Request.
  Time since last request: 4.587372 seconds.
  path: Assets/Prefab/Player1 (1).prefab
  artifactKey: Guid(afdef79f4db53054ca18dd3305471bbe) Importer(815301076,1909f56bfc062723c751e8b465ee728b)
Start importing Assets/Prefab/Player1 (1).prefab using Guid(afdef79f4db53054ca18dd3305471bbe) Importer(815301076,1909f56bfc062723c751e8b465ee728b)  -> (artifact id: '256671e0e73d22491b3baf9fe9d00baa') in 0.013578 seconds
  Import took 0.125479 seconds .

========================================================================
Received Import Request.
  Time since last request: 1.643576 seconds.
  path: Assets/Prefab/Player1 (1).prefab
  artifactKey: Guid(afdef79f4db53054ca18dd3305471bbe) Importer(815301076,1909f56bfc062723c751e8b465ee728b)
Start importing Assets/Prefab/Player1 (1).prefab using Guid(afdef79f4db53054ca18dd3305471bbe) Importer(815301076,1909f56bfc062723c751e8b465ee728b)  -> (artifact id: '25b094723227a8a1aa1e5a8f5cbad228') in 0.015047 seconds
  Import took 0.018503 seconds .

========================================================================
Received Import Request.
  Time since last request: 2.018732 seconds.
  path: Assets/Prefab/Player1 (1).prefab
  artifactKey: Guid(afdef79f4db53054ca18dd3305471bbe) Importer(815301076,1909f56bfc062723c751e8b465ee728b)
Start importing Assets/Prefab/Player1 (1).prefab using Guid(afdef79f4db53054ca18dd3305471bbe) Importer(815301076,1909f56bfc062723c751e8b465ee728b)  -> (artifact id: '178672ce4ac036bfed26e87a62fe9e18') in 0.014157 seconds
  Import took 0.544877 seconds .

========================================================================
Received Import Request.
  Time since last request: 1.899005 seconds.
  path: Assets/Prefab/Player1 (1).prefab
  artifactKey: Guid(afdef79f4db53054ca18dd3305471bbe) Importer(815301076,1909f56bfc062723c751e8b465ee728b)
Start importing Assets/Prefab/Player1 (1).prefab using Guid(afdef79f4db53054ca18dd3305471bbe) Importer(815301076,1909f56bfc062723c751e8b465ee728b)  -> (artifact id: '89c886023ca0a64bf474dced8bd5d9eb') in 0.016366 seconds
  Import took 0.055002 seconds .

========================================================================
Received Import Request.
  Time since last request: 6.022011 seconds.
  path: Assets/Prefab/Player2_1.prefab
  artifactKey: Guid(21aaae7329c7851468f83fdec19d223e) Importer(815301076,1909f56bfc062723c751e8b465ee728b)
Start importing Assets/Prefab/Player2_1.prefab using Guid(21aaae7329c7851468f83fdec19d223e) Importer(815301076,1909f56bfc062723c751e8b465ee728b)  -> (artifact id: 'e60dc50f2d690d4f11dea270ddf03a67') in 0.077257 seconds
  Import took 0.080937 seconds .

========================================================================
Received Import Request.
  Time since last request: 8.971331 seconds.
  path: Assets/Prefab/Player2_1.prefab
  artifactKey: Guid(21aaae7329c7851468f83fdec19d223e) Importer(815301076,1909f56bfc062723c751e8b465ee728b)
Start importing Assets/Prefab/Player2_1.prefab using Guid(21aaae7329c7851468f83fdec19d223e) Importer(815301076,1909f56bfc062723c751e8b465ee728b)  -> (artifact id: '88b628e7e924336b8fd385601fe6ccf5') in 0.018332 seconds
  Import took 0.245955 seconds .

========================================================================
Received Import Request.
  Time since last request: 1.862992 seconds.
  path: Assets/Prefab/Player2_1.prefab
  artifactKey: Guid(21aaae7329c7851468f83fdec19d223e) Importer(815301076,1909f56bfc062723c751e8b465ee728b)
Start importing Assets/Prefab/Player2_1.prefab using Guid(21aaae7329c7851468f83fdec19d223e) Importer(815301076,1909f56bfc062723c751e8b465ee728b)  -> (artifact id: '2485a23d74396369959b7d36b218de5d') in 0.051617 seconds
  Import took 0.055163 seconds .

========================================================================
Received Import Request.
  Time since last request: 6.217188 seconds.
  path: Assets/Prefab/Player2_1.prefab
  artifactKey: Guid(21aaae7329c7851468f83fdec19d223e) Importer(815301076,1909f56bfc062723c751e8b465ee728b)
Start importing Assets/Prefab/Player2_1.prefab using Guid(21aaae7329c7851468f83fdec19d223e) Importer(815301076,1909f56bfc062723c751e8b465ee728b)  -> (artifact id: '0d881feb8b2fa33550ae750f660b3107') in 0.017003 seconds
  Import took 0.022092 seconds .

========================================================================
Received Prepare
Registering precompiled user dll's ...
Registered in 0.003296 seconds.
Begin MonoManager ReloadAssembly
Native extension for WindowsStandalone target not found
Refreshing native plugins compatible for Editor in 0.61 ms, found 2 plugins.
Preloading 0 native plugins for Editor in 0.00 ms.
Mono: successfully reloaded assembly
- Completed reload, in  1.064 seconds
Platform modules already initialized, skipping
Switching build target platform(19) subTarget(0) extendedPlatform(0) -> platform(13) subTarget(589824) extendedPlatform(0)
Refreshing native plugins compatible for Editor in 0.64 ms, found 2 plugins.
Preloading 0 native plugins for Editor in 0.00 ms.
Unloading 1959 Unused Serialized files (Serialized files now loaded: 0)
System memory in use before: 83.7 MB.
System memory in use after: 83.9 MB.

Unloading 49 unused Assets to reduce memory usage. Loaded Objects now: 2384.
Total: 6.206300 ms (FindLiveObjects: 0.202600 ms CreateObjectMapping: 0.083400 ms MarkObjects: 5.880600 ms  DeleteObjects: 0.038400 ms)

AssetImportParameters requested are different than current active one (requested -> active):
  custom:graphics/normal-map-encoding: 01000000000000000000000000000000 -> 02000000000000000000000000000000
========================================================================
Received Prepare
Registering precompiled user dll's ...
Registered in 0.003152 seconds.
Begin MonoManager ReloadAssembly
Native extension for WindowsStandalone target not found
Refreshing native plugins compatible for Editor in 0.62 ms, found 2 plugins.
Preloading 0 native plugins for Editor in 0.00 ms.
Mono: successfully reloaded assembly
- Completed reload, in  1.026 seconds
Platform modules already initialized, skipping
Switching build target platform(19) subTarget(0) extendedPlatform(0) -> platform(13) subTarget(589824) extendedPlatform(0)
Refreshing native plugins compatible for Editor in 0.62 ms, found 2 plugins.
Preloading 0 native plugins for Editor in 0.00 ms.
Unloading 1959 Unused Serialized files (Serialized files now loaded: 0)
System memory in use before: 83.8 MB.
System memory in use after: 83.9 MB.

Unloading 49 unused Assets to reduce memory usage. Loaded Objects now: 2387.
Total: 5.712400 ms (FindLiveObjects: 0.192200 ms CreateObjectMapping: 0.063500 ms MarkObjects: 5.428900 ms  DeleteObjects: 0.026900 ms)

AssetImportParameters requested are different than current active one (requested -> active):
  custom:graphics/normal-map-encoding: 01000000000000000000000000000000 -> 02000000000000000000000000000000
========================================================================
Received Import Request.
  Time since last request: 99.190478 seconds.
  path: Assets/Scenes/2Play.unity
  artifactKey: Guid(eca320ab288db8b4ba60e77cd30bb2bf) Importer(815301076,1909f56bfc062723c751e8b465ee728b)
Start importing Assets/Scenes/2Play.unity using Guid(eca320ab288db8b4ba60e77cd30bb2bf) Importer(815301076,1909f56bfc062723c751e8b465ee728b)  -> (artifact id: '78d052879de13712233efb956792c842') in 0.015274 seconds
  Import took 0.037096 seconds .

========================================================================
Received Import Request.
  Time since last request: 406.276678 seconds.
  path: Assets/Pic/MainMenu 1.png
  artifactKey: Guid(9af332bdaea7adc48b3f89b0c840c5c6) Importer(815301076,1909f56bfc062723c751e8b465ee728b)
Start importing Assets/Pic/MainMenu 1.png using Guid(9af332bdaea7adc48b3f89b0c840c5c6) Importer(815301076,1909f56bfc062723c751e8b465ee728b)  -> (artifact id: '6e380edd2d16fbd1385a941f91380005') in 0.095955 seconds
  Import took 0.135628 seconds .

========================================================================
Received Import Request.
  Time since last request: 0.000183 seconds.
  path: Assets/Pic/MainMenu102 1.png
  artifactKey: Guid(ac78b70f8be23d0409961f8961f370f8) Importer(815301076,1909f56bfc062723c751e8b465ee728b)
Start importing Assets/Pic/MainMenu102 1.png using Guid(ac78b70f8be23d0409961f8961f370f8) Importer(815301076,1909f56bfc062723c751e8b465ee728b)  -> (artifact id: '741696c48fb22581805e01c1a006df96') in 0.054162 seconds
  Import took 0.062555 seconds .

========================================================================
Received Import Request.
  Time since last request: 0.547949 seconds.
  path: Assets/Pic/Player 1 win 1.png
  artifactKey: Guid(570624d7a33aa354c9a04a4d6a315273) Importer(815301076,1909f56bfc062723c751e8b465ee728b)
Start importing Assets/Pic/Player 1 win 1.png using Guid(570624d7a33aa354c9a04a4d6a315273) Importer(815301076,1909f56bfc062723c751e8b465ee728b)  -> (artifact id: '09ad62a7e20f26bed52aff48e5dd9b26') in 0.018405 seconds
  Import took 0.249426 seconds .

========================================================================
Received Import Request.
  Time since last request: 0.036713 seconds.
  path: Assets/Pic/Player 2 win 1.png
  artifactKey: Guid(678e3d450f1fcb641b2951543aa83a37) Importer(815301076,1909f56bfc062723c751e8b465ee728b)
Start importing Assets/Pic/Player 2 win 1.png using Guid(678e3d450f1fcb641b2951543aa83a37) Importer(815301076,1909f56bfc062723c751e8b465ee728b)  -> (artifact id: '08be0a9743d420653bbf0b2d1b2adbd1') in 0.031567 seconds
  Import took 0.035641 seconds .

========================================================================
Received Import Request.
  Time since last request: 0.002510 seconds.
  path: Assets/Pic/Player 2 win 1.png
  artifactKey: Guid(678e3d450f1fcb641b2951543aa83a37) Importer(815301076,1909f56bfc062723c751e8b465ee728b)
Start importing Assets/Pic/Player 2 win 1.png using Guid(678e3d450f1fcb641b2951543aa83a37) Importer(815301076,1909f56bfc062723c751e8b465ee728b)  -> (artifact id: '08be0a9743d420653bbf0b2d1b2adbd1') in 0.037958 seconds
  Import took 0.041858 seconds .

========================================================================
Received Import Request.
  Time since last request: 25.530818 seconds.
  path: Assets/Scenes/MainMenu2.unity
  artifactKey: Guid(bf7d6ddb0c1e2ed40bd4713e323a3071) Importer(815301076,1909f56bfc062723c751e8b465ee728b)
Start importing Assets/Scenes/MainMenu2.unity using Guid(bf7d6ddb0c1e2ed40bd4713e323a3071) Importer(815301076,1909f56bfc062723c751e8b465ee728b)  -> (artifact id: 'df94135b52f50f34ee6467fb73f57867') in 0.008587 seconds
  Import took 0.012611 seconds .

========================================================================
Received Import Request.
  Time since last request: 64.988859 seconds.
  path: Assets/Pic/MainMenu 2.png
  artifactKey: Guid(f225ea24df6e93243b1771830dcb398d) Importer(815301076,1909f56bfc062723c751e8b465ee728b)
Start importing Assets/Pic/MainMenu 2.png using Guid(f225ea24df6e93243b1771830dcb398d) Importer(815301076,1909f56bfc062723c751e8b465ee728b)  -> (artifact id: '93b8e398e6a4658c1fbf6695becc728a') in 0.027486 seconds
  Import took 0.053169 seconds .

========================================================================
Received Import Request.
  Time since last request: 0.001982 seconds.
  path: Assets/Pic/MainMenu 2.png
  artifactKey: Guid(f225ea24df6e93243b1771830dcb398d) Importer(815301076,1909f56bfc062723c751e8b465ee728b)
Start importing Assets/Pic/MainMenu 2.png using Guid(f225ea24df6e93243b1771830dcb398d) Importer(815301076,1909f56bfc062723c751e8b465ee728b)  -> (artifact id: '93b8e398e6a4658c1fbf6695becc728a') in 0.014801 seconds
  Import took 0.018762 seconds .

========================================================================
Received Import Request.
  Time since last request: 9.086040 seconds.
  path: Assets/Scenes/MainMenu.unity
  artifactKey: Guid(c87616345eded3b4bb7d9d6d073f8ae4) Importer(815301076,1909f56bfc062723c751e8b465ee728b)
Start importing Assets/Scenes/MainMenu.unity using Guid(c87616345eded3b4bb7d9d6d073f8ae4) Importer(815301076,1909f56bfc062723c751e8b465ee728b)  -> (artifact id: 'b64ebf7abd2e79801cee3855a50947f6') in 0.003048 seconds
  Import took 0.126644 seconds .

========================================================================
Received Import Request.
  Time since last request: 14.618097 seconds.
  path: Assets/Scenes/2Play2.unity
  artifactKey: Guid(7a80f897bcd9de54a9d280a86fceffad) Importer(815301076,1909f56bfc062723c751e8b465ee728b)
Start importing Assets/Scenes/2Play2.unity using Guid(7a80f897bcd9de54a9d280a86fceffad) Importer(815301076,1909f56bfc062723c751e8b465ee728b)  -> (artifact id: '9e310699cf4d516a29274163b92d26ad') in 0.002631 seconds
  Import took 0.150955 seconds .

========================================================================
Received Import Request.
  Time since last request: 22.270432 seconds.
  path: Assets/Scenes/GameOver.unity
  artifactKey: Guid(5a8aae1e8da0b1542984e04fc7b47e9f) Importer(815301076,1909f56bfc062723c751e8b465ee728b)
Start importing Assets/Scenes/GameOver.unity using Guid(5a8aae1e8da0b1542984e04fc7b47e9f) Importer(815301076,1909f56bfc062723c751e8b465ee728b)  -> (artifact id: '49c1ec8d9b283f801cce6ea45c4b698a') in 0.002969 seconds
  Import took 0.119420 seconds .

========================================================================
Received Import Request.
  Time since last request: 1.119621 seconds.
  path: Assets/Scenes/Help.unity
  artifactKey: Guid(d3b07ad370780394683107ddb711489a) Importer(815301076,1909f56bfc062723c751e8b465ee728b)
Start importing Assets/Scenes/Help.unity using Guid(d3b07ad370780394683107ddb711489a) Importer(815301076,1909f56bfc062723c751e8b465ee728b)  -> (artifact id: 'b2fd44b78aff35c91b2215ddb46bb4f9') in 0.007446 seconds
  Import took 0.304066 seconds .

========================================================================
Received Import Request.
  Time since last request: 1.372184 seconds.
  path: Assets/Scenes/MainMenu.unity
  artifactKey: Guid(c87616345eded3b4bb7d9d6d073f8ae4) Importer(815301076,1909f56bfc062723c751e8b465ee728b)
Start importing Assets/Scenes/MainMenu.unity using Guid(c87616345eded3b4bb7d9d6d073f8ae4) Importer(815301076,1909f56bfc062723c751e8b465ee728b)  -> (artifact id: 'a04bb7e02866d7ce54fb02f75a06c40b') in 0.156597 seconds
  Import took 0.162364 seconds .

========================================================================
Received Import Request.
  Time since last request: 0.808531 seconds.
  path: Assets/Scenes/MainMenu2.unity
  artifactKey: Guid(bf7d6ddb0c1e2ed40bd4713e323a3071) Importer(815301076,1909f56bfc062723c751e8b465ee728b)
Start importing Assets/Scenes/MainMenu2.unity using Guid(bf7d6ddb0c1e2ed40bd4713e323a3071) Importer(815301076,1909f56bfc062723c751e8b465ee728b)  -> (artifact id: 'c8f3bfddfa417519126729de8cfbf98d') in 0.002403 seconds
  Import took 0.031334 seconds .

========================================================================
Received Import Request.
  Time since last request: 1.250832 seconds.
  path: Assets/Scenes/Mode2play.unity
  artifactKey: Guid(e353c06cddd5d6e488778ccd92f1ec45) Importer(815301076,1909f56bfc062723c751e8b465ee728b)
Start importing Assets/Scenes/Mode2play.unity using Guid(e353c06cddd5d6e488778ccd92f1ec45) Importer(815301076,1909f56bfc062723c751e8b465ee728b)  -> (artifact id: 'aa0b9e0378708520a2e2fa524c980ab2') in 0.002746 seconds
  Import took 0.023729 seconds .

========================================================================
Received Import Request.
  Time since last request: 10.892914 seconds.
  path: Assets/Scenes/Mode2play.unity
  artifactKey: Guid(e353c06cddd5d6e488778ccd92f1ec45) Importer(815301076,1909f56bfc062723c751e8b465ee728b)
Start importing Assets/Scenes/Mode2play.unity using Guid(e353c06cddd5d6e488778ccd92f1ec45) Importer(815301076,1909f56bfc062723c751e8b465ee728b)  -> (artifact id: '35bac62da6f89995b60d57d806000706') in 0.002682 seconds
  Import took 0.010046 seconds .

========================================================================
Received Import Request.
  Time since last request: 123.230831 seconds.
  path: Assets/Script/SpawnInMode2.cs
  artifactKey: Guid(145c930fbe60a4a4ca9c13dc4ab2be64) Importer(815301076,1909f56bfc062723c751e8b465ee728b)
Start importing Assets/Script/SpawnInMode2.cs using Guid(145c930fbe60a4a4ca9c13dc4ab2be64) Importer(815301076,1909f56bfc062723c751e8b465ee728b)  -> (artifact id: 'f026fdc47ee283e5b20f9806e262215d') in 0.008874 seconds
  Import took 0.012972 seconds .

========================================================================
Received Import Request.
  Time since last request: 0.114778 seconds.
  path: Assets/Script/SpawnInMode2.cs
  artifactKey: Guid(145c930fbe60a4a4ca9c13dc4ab2be64) Importer(815301076,1909f56bfc062723c751e8b465ee728b)
Start importing Assets/Script/SpawnInMode2.cs using Guid(145c930fbe60a4a4ca9c13dc4ab2be64) Importer(815301076,1909f56bfc062723c751e8b465ee728b)  -> (artifact id: 'f026fdc47ee283e5b20f9806e262215d') in 0.002482 seconds
  Import took 0.006277 seconds .

========================================================================
Received Prepare
Registering precompiled user dll's ...
Registered in 0.007132 seconds.
Begin MonoManager ReloadAssembly
Native extension for WindowsStandalone target not found
Refreshing native plugins compatible for Editor in 1.13 ms, found 2 plugins.
Preloading 0 native plugins for Editor in 0.00 ms.
Mono: successfully reloaded assembly
- Completed reload, in  1.612 seconds
Platform modules already initialized, skipping
Switching build target platform(19) subTarget(0) extendedPlatform(0) -> platform(13) subTarget(589824) extendedPlatform(0)
Refreshing native plugins compatible for Editor in 0.65 ms, found 2 plugins.
Preloading 0 native plugins for Editor in 0.00 ms.
Unloading 1959 Unused Serialized files (Serialized files now loaded: 0)
System memory in use before: 83.8 MB.
System memory in use after: 84.0 MB.

Unloading 49 unused Assets to reduce memory usage. Loaded Objects now: 2393.
Total: 6.825900 ms (FindLiveObjects: 0.205500 ms CreateObjectMapping: 0.068100 ms MarkObjects: 6.520100 ms  DeleteObjects: 0.030900 ms)

AssetImportParameters requested are different than current active one (requested -> active):
  custom:graphics/normal-map-encoding: 01000000000000000000000000000000 -> 02000000000000000000000000000000
========================================================================
Received Import Request.
  Time since last request: 68.462766 seconds.
  path: Assets/Script/SpawnInMode2.cs
  artifactKey: Guid(145c930fbe60a4a4ca9c13dc4ab2be64) Importer(815301076,1909f56bfc062723c751e8b465ee728b)
Start importing Assets/Script/SpawnInMode2.cs using Guid(145c930fbe60a4a4ca9c13dc4ab2be64) Importer(815301076,1909f56bfc062723c751e8b465ee728b)  -> (artifact id: '0022c2b415b862a753623a29c3667af9') in 0.007199 seconds
  Import took 0.011388 seconds .

========================================================================
Received Prepare
Registering precompiled user dll's ...
Registered in 0.004480 seconds.
Begin MonoManager ReloadAssembly
Native extension for WindowsStandalone target not found
Refreshing native plugins compatible for Editor in 0.69 ms, found 2 plugins.
Preloading 0 native plugins for Editor in 0.00 ms.
Mono: successfully reloaded assembly
- Completed reload, in  1.156 seconds
Platform modules already initialized, skipping
Switching build target platform(19) subTarget(0) extendedPlatform(0) -> platform(13) subTarget(589824) extendedPlatform(0)
Refreshing native plugins compatible for Editor in 0.71 ms, found 2 plugins.
Preloading 0 native plugins for Editor in 0.00 ms.
Unloading 1959 Unused Serialized files (Serialized files now loaded: 0)
System memory in use before: 83.8 MB.
System memory in use after: 84.0 MB.

Unloading 49 unused Assets to reduce memory usage. Loaded Objects now: 2396.
Total: 17.976300 ms (FindLiveObjects: 0.340000 ms CreateObjectMapping: 0.109500 ms MarkObjects: 17.478500 ms  DeleteObjects: 0.046000 ms)

AssetImportParameters requested are different than current active one (requested -> active):
  custom:graphics/normal-map-encoding: 01000000000000000000000000000000 -> 02000000000000000000000000000000
========================================================================
Received Prepare
Registering precompiled user dll's ...
Registered in 0.006332 seconds.
Begin MonoManager ReloadAssembly
Native extension for WindowsStandalone target not found
Refreshing native plugins compatible for Editor in 0.75 ms, found 2 plugins.
Preloading 0 native plugins for Editor in 0.00 ms.
Mono: successfully reloaded assembly
- Completed reload, in  1.524 seconds
Platform modules already initialized, skipping
Switching build target platform(19) subTarget(0) extendedPlatform(0) -> platform(13) subTarget(589824) extendedPlatform(0)
Refreshing native plugins compatible for Editor in 0.67 ms, found 2 plugins.
Preloading 0 native plugins for Editor in 0.00 ms.
Unloading 1959 Unused Serialized files (Serialized files now loaded: 0)
System memory in use before: 83.9 MB.
System memory in use after: 84.0 MB.

Unloading 49 unused Assets to reduce memory usage. Loaded Objects now: 2399.
Total: 8.647100 ms (FindLiveObjects: 0.278600 ms CreateObjectMapping: 0.163000 ms MarkObjects: 8.154300 ms  DeleteObjects: 0.049100 ms)

AssetImportParameters requested are different than current active one (requested -> active):
  custom:graphics/normal-map-encoding: 01000000000000000000000000000000 -> 02000000000000000000000000000000
========================================================================
Received Import Request.
  Time since last request: 212.257209 seconds.
  path: Assets/Script/Shop.cs
  artifactKey: Guid(907b4aa040cd76c47a012095d0e8389a) Importer(815301076,1909f56bfc062723c751e8b465ee728b)
Start importing Assets/Script/Shop.cs using Guid(907b4aa040cd76c47a012095d0e8389a) Importer(815301076,1909f56bfc062723c751e8b465ee728b)  -> (artifact id: 'b0e83097e772d69b995caa2fecf9ffaf') in 0.012283 seconds
  Import took 0.124317 seconds .

========================================================================
Received Prepare
Registering precompiled user dll's ...
Registered in 0.007981 seconds.
Begin MonoManager ReloadAssembly
Native extension for WindowsStandalone target not found
Refreshing native plugins compatible for Editor in 0.80 ms, found 2 plugins.
Preloading 0 native plugins for Editor in 0.00 ms.
Mono: successfully reloaded assembly
- Completed reload, in  1.431 seconds
Platform modules already initialized, skipping
Switching build target platform(19) subTarget(0) extendedPlatform(0) -> platform(13) subTarget(589824) extendedPlatform(0)
Refreshing native plugins compatible for Editor in 1.06 ms, found 2 plugins.
Preloading 0 native plugins for Editor in 0.00 ms.
Unloading 1959 Unused Serialized files (Serialized files now loaded: 0)
System memory in use before: 83.9 MB.
System memory in use after: 84.0 MB.

Unloading 49 unused Assets to reduce memory usage. Loaded Objects now: 2402.
Total: 5.263600 ms (FindLiveObjects: 0.239100 ms CreateObjectMapping: 0.092400 ms MarkObjects: 4.897100 ms  DeleteObjects: 0.033800 ms)

AssetImportParameters requested are different than current active one (requested -> active):
  custom:graphics/normal-map-encoding: 01000000000000000000000000000000 -> 02000000000000000000000000000000
========================================================================
Received Import Request.
  Time since last request: 24.629987 seconds.
  path: Assets/Script/Shop.cs
  artifactKey: Guid(907b4aa040cd76c47a012095d0e8389a) Importer(815301076,1909f56bfc062723c751e8b465ee728b)
Start importing Assets/Script/Shop.cs using Guid(907b4aa040cd76c47a012095d0e8389a) Importer(815301076,1909f56bfc062723c751e8b465ee728b)  -> (artifact id: '4b7a488838058677bbd1dbeeaaf175f9') in 0.004952 seconds
  Import took 0.009813 seconds .

========================================================================
Received Import Request.
  Time since last request: 4.409853 seconds.
  path: Assets/Script/RewardRestart.cs
  artifactKey: Guid(907b4aa040cd76c47a012095d0e8389a) Importer(815301076,1909f56bfc062723c751e8b465ee728b)
Start importing Assets/Script/RewardRestart.cs using Guid(907b4aa040cd76c47a012095d0e8389a) Importer(815301076,1909f56bfc062723c751e8b465ee728b)  -> (artifact id: '88297ad03d14de44f8e8a194cb625357') in 0.013376 seconds
  Import took 0.018215 seconds .

========================================================================
Received Prepare
Registering precompiled user dll's ...
Registered in 0.014855 seconds.
Begin MonoManager ReloadAssembly
Native extension for WindowsStandalone target not found
Refreshing native plugins compatible for Editor in 0.72 ms, found 2 plugins.
Preloading 0 native plugins for Editor in 0.00 ms.
Mono: successfully reloaded assembly
- Completed reload, in  1.453 seconds
Platform modules already initialized, skipping
Switching build target platform(19) subTarget(0) extendedPlatform(0) -> platform(13) subTarget(589824) extendedPlatform(0)
Refreshing native plugins compatible for Editor in 0.62 ms, found 2 plugins.
Preloading 0 native plugins for Editor in 0.00 ms.
Unloading 1959 Unused Serialized files (Serialized files now loaded: 0)
System memory in use before: 83.9 MB.
System memory in use after: 84.0 MB.

Unloading 49 unused Assets to reduce memory usage. Loaded Objects now: 2405.
Total: 5.748900 ms (FindLiveObjects: 0.219700 ms CreateObjectMapping: 0.155900 ms MarkObjects: 5.341700 ms  DeleteObjects: 0.030400 ms)

AssetImportParameters requested are different than current active one (requested -> active):
  custom:graphics/normal-map-encoding: 01000000000000000000000000000000 -> 02000000000000000000000000000000
========================================================================
Received Prepare
Registering precompiled user dll's ...
Registered in 0.782096 seconds.
Begin MonoManager ReloadAssembly
Native extension for WindowsStandalone target not found
Refreshing native plugins compatible for Editor in 1.10 ms, found 2 plugins.
Preloading 0 native plugins for Editor in 0.00 ms.
Mono: successfully reloaded assembly
- Completed reload, in  1.259 seconds
Platform modules already initialized, skipping
Switching build target platform(19) subTarget(0) extendedPlatform(0) -> platform(13) subTarget(589824) extendedPlatform(0)
Refreshing native plugins compatible for Editor in 0.68 ms, found 2 plugins.
Preloading 0 native plugins for Editor in 0.00 ms.
Unloading 1959 Unused Serialized files (Serialized files now loaded: 0)
System memory in use before: 83.9 MB.
System memory in use after: 84.0 MB.

Unloading 49 unused Assets to reduce memory usage. Loaded Objects now: 2408.
Total: 6.553100 ms (FindLiveObjects: 0.197200 ms CreateObjectMapping: 0.073300 ms MarkObjects: 6.202200 ms  DeleteObjects: 0.078800 ms)

AssetImportParameters requested are different than current active one (requested -> active):
  custom:graphics/normal-map-encoding: 01000000000000000000000000000000 -> 02000000000000000000000000000000
========================================================================
Received Import Request.
  Time since last request: 74.570865 seconds.
  path: Assets/Script/RewardRestart.cs
  artifactKey: Guid(907b4aa040cd76c47a012095d0e8389a) Importer(815301076,1909f56bfc062723c751e8b465ee728b)
Start importing Assets/Script/RewardRestart.cs using Guid(907b4aa040cd76c47a012095d0e8389a) Importer(815301076,1909f56bfc062723c751e8b465ee728b)  -> (artifact id: '7799c9f76879617e597f842455878b67') in 0.007463 seconds
  Import took 0.011253 seconds .

========================================================================
Received Import Request.
  Time since last request: 95.783690 seconds.
  path: Assets/Script/Player.cs
  artifactKey: Guid(896e8e37b0dce644ca91287191d9c807) Importer(815301076,1909f56bfc062723c751e8b465ee728b)
Start importing Assets/Script/Player.cs using Guid(896e8e37b0dce644ca91287191d9c807) Importer(815301076,1909f56bfc062723c751e8b465ee728b)  -> (artifact id: '9b82483c6c916f73a5339df60b9a8189') in 0.002365 seconds
  Import took 0.012736 seconds .

========================================================================
Received Import Request.
  Time since last request: 0.001401 seconds.
  path: Assets/Script/Player.cs
  artifactKey: Guid(896e8e37b0dce644ca91287191d9c807) Importer(815301076,1909f56bfc062723c751e8b465ee728b)
Start importing Assets/Script/Player.cs using Guid(896e8e37b0dce644ca91287191d9c807) Importer(815301076,1909f56bfc062723c751e8b465ee728b)  -> (artifact id: '9b82483c6c916f73a5339df60b9a8189') in 0.002913 seconds
  Import took 0.007368 seconds .

========================================================================
Received Prepare
Registering precompiled user dll's ...
Registered in 0.010695 seconds.
Begin MonoManager ReloadAssembly
Native extension for WindowsStandalone target not found
Refreshing native plugins compatible for Editor in 0.69 ms, found 2 plugins.
Preloading 0 native plugins for Editor in 0.00 ms.
Mono: successfully reloaded assembly
- Completed reload, in  1.372 seconds
Platform modules already initialized, skipping
Switching build target platform(19) subTarget(0) extendedPlatform(0) -> platform(13) subTarget(589824) extendedPlatform(0)
Refreshing native plugins compatible for Editor in 0.62 ms, found 2 plugins.
Preloading 0 native plugins for Editor in 0.00 ms.
Unloading 1959 Unused Serialized files (Serialized files now loaded: 0)
System memory in use before: 83.9 MB.
System memory in use after: 84.0 MB.

Unloading 49 unused Assets to reduce memory usage. Loaded Objects now: 2411.
Total: 5.053100 ms (FindLiveObjects: 0.185900 ms CreateObjectMapping: 0.070800 ms MarkObjects: 4.766700 ms  DeleteObjects: 0.028600 ms)

AssetImportParameters requested are different than current active one (requested -> active):
  custom:graphics/normal-map-encoding: 01000000000000000000000000000000 -> 02000000000000000000000000000000
========================================================================
Received Import Request.
  Time since last request: 16.722086 seconds.
  path: Assets/Script/Player2.cs
  artifactKey: Guid(ef38a0d1a62fb63458b5b0ba38f28c52) Importer(815301076,1909f56bfc062723c751e8b465ee728b)
Start importing Assets/Script/Player2.cs using Guid(ef38a0d1a62fb63458b5b0ba38f28c52) Importer(815301076,1909f56bfc062723c751e8b465ee728b)  -> (artifact id: '6ee89ed37c41e822418adc2f63c0fd83') in 0.018055 seconds
  Import took 0.023302 seconds .

========================================================================
Received Prepare
Registering precompiled user dll's ...
Registered in 0.003382 seconds.
Begin MonoManager ReloadAssembly
Native extension for WindowsStandalone target not found
Refreshing native plugins compatible for Editor in 0.61 ms, found 2 plugins.
Preloading 0 native plugins for Editor in 0.00 ms.
Mono: successfully reloaded assembly
- Completed reload, in  1.337 seconds
Platform modules already initialized, skipping
Switching build target platform(19) subTarget(0) extendedPlatform(0) -> platform(13) subTarget(589824) extendedPlatform(0)
Refreshing native plugins compatible for Editor in 0.74 ms, found 2 plugins.
Preloading 0 native plugins for Editor in 0.00 ms.
Unloading 1959 Unused Serialized files (Serialized files now loaded: 0)
System memory in use before: 83.9 MB.
System memory in use after: 84.0 MB.

Unloading 49 unused Assets to reduce memory usage. Loaded Objects now: 2414.
Total: 6.973300 ms (FindLiveObjects: 0.173200 ms CreateObjectMapping: 0.063700 ms MarkObjects: 6.704700 ms  DeleteObjects: 0.030500 ms)

AssetImportParameters requested are different than current active one (requested -> active):
  custom:graphics/normal-map-encoding: 01000000000000000000000000000000 -> 02000000000000000000000000000000
========================================================================
Received Prepare
Registering precompiled user dll's ...
Registered in 0.004936 seconds.
Begin MonoManager ReloadAssembly
Native extension for WindowsStandalone target not found
Refreshing native plugins compatible for Editor in 0.91 ms, found 2 plugins.
Preloading 0 native plugins for Editor in 0.00 ms.
Mono: successfully reloaded assembly
- Completed reload, in  1.922 seconds
Platform modules already initialized, skipping
Switching build target platform(19) subTarget(0) extendedPlatform(0) -> platform(13) subTarget(589824) extendedPlatform(0)
Refreshing native plugins compatible for Editor in 0.64 ms, found 2 plugins.
Preloading 0 native plugins for Editor in 0.00 ms.
Unloading 1959 Unused Serialized files (Serialized files now loaded: 0)
System memory in use before: 83.9 MB.
System memory in use after: 84.0 MB.

Unloading 49 unused Assets to reduce memory usage. Loaded Objects now: 2417.
Total: 6.262000 ms (FindLiveObjects: 0.188900 ms CreateObjectMapping: 0.072200 ms MarkObjects: 5.930200 ms  DeleteObjects: 0.068500 ms)

AssetImportParameters requested are different than current active one (requested -> active):
  custom:graphics/normal-map-encoding: 01000000000000000000000000000000 -> 02000000000000000000000000000000
========================================================================
Received Prepare
Registering precompiled user dll's ...
Registered in 0.004207 seconds.
Begin MonoManager ReloadAssembly
Native extension for WindowsStandalone target not found
Refreshing native plugins compatible for Editor in 0.64 ms, found 2 plugins.
Preloading 0 native plugins for Editor in 0.00 ms.
Mono: successfully reloaded assembly
- Completed reload, in  1.240 seconds
Platform modules already initialized, skipping
Switching build target platform(19) subTarget(0) extendedPlatform(0) -> platform(13) subTarget(589824) extendedPlatform(0)
Refreshing native plugins compatible for Editor in 1.03 ms, found 2 plugins.
Preloading 0 native plugins for Editor in 0.00 ms.
Unloading 1959 Unused Serialized files (Serialized files now loaded: 0)
System memory in use before: 83.9 MB.
System memory in use after: 84.0 MB.

Unloading 49 unused Assets to reduce memory usage. Loaded Objects now: 2420.
Total: 6.827300 ms (FindLiveObjects: 0.197300 ms CreateObjectMapping: 0.074400 ms MarkObjects: 6.523200 ms  DeleteObjects: 0.030700 ms)

AssetImportParameters requested are different than current active one (requested -> active):
  custom:graphics/normal-map-encoding: 01000000000000000000000000000000 -> 02000000000000000000000000000000
========================================================================
Received Prepare
Registering precompiled user dll's ...
Registered in 0.003232 seconds.
Begin MonoManager ReloadAssembly
Native extension for WindowsStandalone target not found
Refreshing native plugins compatible for Editor in 0.85 ms, found 2 plugins.
Preloading 0 native plugins for Editor in 0.00 ms.
Mono: successfully reloaded assembly
- Completed reload, in  1.405 seconds
Platform modules already initialized, skipping
Switching build target platform(19) subTarget(0) extendedPlatform(0) -> platform(13) subTarget(589824) extendedPlatform(0)
Refreshing native plugins compatible for Editor in 0.62 ms, found 2 plugins.
Preloading 0 native plugins for Editor in 0.00 ms.
Unloading 1959 Unused Serialized files (Serialized files now loaded: 0)
System memory in use before: 83.9 MB.
System memory in use after: 84.0 MB.

Unloading 49 unused Assets to reduce memory usage. Loaded Objects now: 2423.
Total: 7.361200 ms (FindLiveObjects: 0.386400 ms CreateObjectMapping: 0.152200 ms MarkObjects: 6.789400 ms  DeleteObjects: 0.031800 ms)

AssetImportParameters requested are different than current active one (requested -> active):
  custom:graphics/normal-map-encoding: 01000000000000000000000000000000 -> 02000000000000000000000000000000
========================================================================
Received Prepare
Registering precompiled user dll's ...
Registered in 0.006520 seconds.
Begin MonoManager ReloadAssembly
Native extension for WindowsStandalone target not found
Refreshing native plugins compatible for Editor in 0.69 ms, found 2 plugins.
Preloading 0 native plugins for Editor in 0.00 ms.
Mono: successfully reloaded assembly
- Completed reload, in  1.540 seconds
Platform modules already initialized, skipping
Switching build target platform(19) subTarget(0) extendedPlatform(0) -> platform(13) subTarget(589824) extendedPlatform(0)
Refreshing native plugins compatible for Editor in 0.86 ms, found 2 plugins.
Preloading 0 native plugins for Editor in 0.00 ms.
Unloading 1959 Unused Serialized files (Serialized files now loaded: 0)
System memory in use before: 83.9 MB.
System memory in use after: 84.0 MB.

Unloading 49 unused Assets to reduce memory usage. Loaded Objects now: 2426.
Total: 5.326000 ms (FindLiveObjects: 0.243900 ms CreateObjectMapping: 0.082800 ms MarkObjects: 4.967300 ms  DeleteObjects: 0.030800 ms)

AssetImportParameters requested are different than current active one (requested -> active):
  custom:graphics/normal-map-encoding: 01000000000000000000000000000000 -> 02000000000000000000000000000000
========================================================================
Received Prepare
Registering precompiled user dll's ...
Registered in 0.004870 seconds.
Begin MonoManager ReloadAssembly
Native extension for WindowsStandalone target not found
Refreshing native plugins compatible for Editor in 0.63 ms, found 2 plugins.
Preloading 0 native plugins for Editor in 0.00 ms.
Mono: successfully reloaded assembly
- Completed reload, in  1.477 seconds
Platform modules already initialized, skipping
Switching build target platform(19) subTarget(0) extendedPlatform(0) -> platform(13) subTarget(589824) extendedPlatform(0)
Refreshing native plugins compatible for Editor in 0.70 ms, found 2 plugins.
Preloading 0 native plugins for Editor in 0.00 ms.
Unloading 1959 Unused Serialized files (Serialized files now loaded: 0)
System memory in use before: 83.9 MB.
System memory in use after: 84.0 MB.

Unloading 49 unused Assets to reduce memory usage. Loaded Objects now: 2429.
Total: 8.035900 ms (FindLiveObjects: 0.515300 ms CreateObjectMapping: 0.215300 ms MarkObjects: 7.255100 ms  DeleteObjects: 0.048400 ms)

AssetImportParameters requested are different than current active one (requested -> active):
  custom:graphics/normal-map-encoding: 01000000000000000000000000000000 -> 02000000000000000000000000000000
========================================================================
Received Prepare
Registering precompiled user dll's ...
Registered in 0.006366 seconds.
Begin MonoManager ReloadAssembly
Native extension for WindowsStandalone target not found
Refreshing native plugins compatible for Editor in 0.64 ms, found 2 plugins.
Preloading 0 native plugins for Editor in 0.00 ms.
Mono: successfully reloaded assembly
- Completed reload, in  1.215 seconds
Platform modules already initialized, skipping
Switching build target platform(19) subTarget(0) extendedPlatform(0) -> platform(13) subTarget(589824) extendedPlatform(0)
Refreshing native plugins compatible for Editor in 0.74 ms, found 2 plugins.
Preloading 0 native plugins for Editor in 0.00 ms.
Unloading 1959 Unused Serialized files (Serialized files now loaded: 0)
System memory in use before: 83.9 MB.
System memory in use after: 84.0 MB.

Unloading 49 unused Assets to reduce memory usage. Loaded Objects now: 2432.
Total: 10.745000 ms (FindLiveObjects: 0.237800 ms CreateObjectMapping: 0.092400 ms MarkObjects: 10.255200 ms  DeleteObjects: 0.157700 ms)

AssetImportParameters requested are different than current active one (requested -> active):
  custom:graphics/normal-map-encoding: 01000000000000000000000000000000 -> 02000000000000000000000000000000
========================================================================
Received Prepare
Registering precompiled user dll's ...
Registered in 0.003390 seconds.
Begin MonoManager ReloadAssembly
Native extension for WindowsStandalone target not found
Refreshing native plugins compatible for Editor in 0.76 ms, found 2 plugins.
Preloading 0 native plugins for Editor in 0.00 ms.
Mono: successfully reloaded assembly
- Completed reload, in  1.754 seconds
Platform modules already initialized, skipping
Switching build target platform(19) subTarget(0) extendedPlatform(0) -> platform(13) subTarget(589824) extendedPlatform(0)
Refreshing native plugins compatible for Editor in 0.91 ms, found 2 plugins.
Preloading 0 native plugins for Editor in 0.00 ms.
Unloading 1959 Unused Serialized files (Serialized files now loaded: 0)
System memory in use before: 83.9 MB.
System memory in use after: 84.0 MB.

Unloading 49 unused Assets to reduce memory usage. Loaded Objects now: 2435.
Total: 11.913700 ms (FindLiveObjects: 0.849100 ms CreateObjectMapping: 0.694300 ms MarkObjects: 10.323400 ms  DeleteObjects: 0.045000 ms)

AssetImportParameters requested are different than current active one (requested -> active):
  custom:graphics/normal-map-encoding: 01000000000000000000000000000000 -> 02000000000000000000000000000000
========================================================================
Received Prepare
Registering precompiled user dll's ...
Registered in 0.004868 seconds.
Begin MonoManager ReloadAssembly
Native extension for WindowsStandalone target not found
Refreshing native plugins compatible for Editor in 0.61 ms, found 2 plugins.
Preloading 0 native plugins for Editor in 0.00 ms.
Mono: successfully reloaded assembly
- Completed reload, in  1.548 seconds
Platform modules already initialized, skipping
Switching build target platform(19) subTarget(0) extendedPlatform(0) -> platform(13) subTarget(589824) extendedPlatform(0)
Refreshing native plugins compatible for Editor in 0.66 ms, found 2 plugins.
Preloading 0 native plugins for Editor in 0.00 ms.
Unloading 1959 Unused Serialized files (Serialized files now loaded: 0)
System memory in use before: 83.9 MB.
System memory in use after: 84.1 MB.

Unloading 49 unused Assets to reduce memory usage. Loaded Objects now: 2438.
Total: 7.241100 ms (FindLiveObjects: 0.235700 ms CreateObjectMapping: 0.097200 ms MarkObjects: 6.876400 ms  DeleteObjects: 0.030300 ms)

AssetImportParameters requested are different than current active one (requested -> active):
  custom:graphics/normal-map-encoding: 01000000000000000000000000000000 -> 02000000000000000000000000000000
========================================================================
Received Import Request.
  Time since last request: 595.757610 seconds.
  path: Assets/Script/SpawnInMode2.cs
  artifactKey: Guid(145c930fbe60a4a4ca9c13dc4ab2be64) Importer(815301076,1909f56bfc062723c751e8b465ee728b)
Start importing Assets/Script/SpawnInMode2.cs using Guid(145c930fbe60a4a4ca9c13dc4ab2be64) Importer(815301076,1909f56bfc062723c751e8b465ee728b)  -> (artifact id: 'ac2f04a3fd4fc3235ce19e4853156b10') in 0.009390 seconds
  Import took 0.013602 seconds .

========================================================================
Received Import Request.
  Time since last request: 83.752837 seconds.
  path: Assets/Scenes/GameOver.unity
  artifactKey: Guid(5a8aae1e8da0b1542984e04fc7b47e9f) Importer(815301076,1909f56bfc062723c751e8b465ee728b)
Start importing Assets/Scenes/GameOver.unity using Guid(5a8aae1e8da0b1542984e04fc7b47e9f) Importer(815301076,1909f56bfc062723c751e8b465ee728b)  -> (artifact id: 'd4edc393fb712b9e7c3b8391e62d8dac') in 0.017773 seconds
  Import took 0.025708 seconds .

========================================================================
Received Prepare
Registering precompiled user dll's ...
Registered in 0.007815 seconds.
Begin MonoManager ReloadAssembly
Native extension for WindowsStandalone target not found
Refreshing native plugins compatible for Editor in 0.62 ms, found 2 plugins.
Preloading 0 native plugins for Editor in 0.00 ms.
Mono: successfully reloaded assembly
- Completed reload, in  1.405 seconds
Platform modules already initialized, skipping
Switching build target platform(19) subTarget(0) extendedPlatform(0) -> platform(13) subTarget(589824) extendedPlatform(0)
Refreshing native plugins compatible for Editor in 0.61 ms, found 2 plugins.
Preloading 0 native plugins for Editor in 0.00 ms.
Unloading 1959 Unused Serialized files (Serialized files now loaded: 0)
System memory in use before: 84.0 MB.
System memory in use after: 84.1 MB.

Unloading 49 unused Assets to reduce memory usage. Loaded Objects now: 2441.
Total: 6.952300 ms (FindLiveObjects: 0.189800 ms CreateObjectMapping: 0.081900 ms MarkObjects: 6.633100 ms  DeleteObjects: 0.045800 ms)

AssetImportParameters requested are different than current active one (requested -> active):
  custom:graphics/normal-map-encoding: 01000000000000000000000000000000 -> 02000000000000000000000000000000
========================================================================
Received Prepare
Registering precompiled user dll's ...
Registered in 0.004063 seconds.
Begin MonoManager ReloadAssembly
Native extension for WindowsStandalone target not found
Refreshing native plugins compatible for Editor in 0.66 ms, found 2 plugins.
Preloading 0 native plugins for Editor in 0.00 ms.
Mono: successfully reloaded assembly
- Completed reload, in  1.613 seconds
Platform modules already initialized, skipping
Switching build target platform(19) subTarget(0) extendedPlatform(0) -> platform(13) subTarget(589824) extendedPlatform(0)
Refreshing native plugins compatible for Editor in 0.71 ms, found 2 plugins.
Preloading 0 native plugins for Editor in 0.00 ms.
Unloading 1959 Unused Serialized files (Serialized files now loaded: 0)
System memory in use before: 84.0 MB.
System memory in use after: 84.1 MB.

Unloading 49 unused Assets to reduce memory usage. Loaded Objects now: 2444.
Total: 5.449900 ms (FindLiveObjects: 0.218800 ms CreateObjectMapping: 0.072700 ms MarkObjects: 5.127200 ms  DeleteObjects: 0.029800 ms)

AssetImportParameters requested are different than current active one (requested -> active):
  custom:graphics/normal-map-encoding: 01000000000000000000000000000000 -> 02000000000000000000000000000000
========================================================================
Received Prepare
Registering precompiled user dll's ...
Registered in 0.006430 seconds.
Begin MonoManager ReloadAssembly
Native extension for WindowsStandalone target not found
Refreshing native plugins compatible for Editor in 1.07 ms, found 2 plugins.
Preloading 0 native plugins for Editor in 0.00 ms.
Mono: successfully reloaded assembly
- Completed reload, in  1.770 seconds
Platform modules already initialized, skipping
Switching build target platform(19) subTarget(0) extendedPlatform(0) -> platform(13) subTarget(589824) extendedPlatform(0)
Refreshing native plugins compatible for Editor in 1.93 ms, found 2 plugins.
Preloading 0 native plugins for Editor in 0.00 ms.
Unloading 1959 Unused Serialized files (Serialized files now loaded: 0)
System memory in use before: 84.0 MB.
System memory in use after: 84.1 MB.

Unloading 49 unused Assets to reduce memory usage. Loaded Objects now: 2447.
Total: 11.329200 ms (FindLiveObjects: 0.740200 ms CreateObjectMapping: 0.703700 ms MarkObjects: 9.818600 ms  DeleteObjects: 0.064200 ms)

AssetImportParameters requested are different than current active one (requested -> active):
  custom:graphics/normal-map-encoding: 01000000000000000000000000000000 -> 02000000000000000000000000000000
========================================================================
Received Prepare
Registering precompiled user dll's ...
Registered in 0.004602 seconds.
Begin MonoManager ReloadAssembly
Native extension for WindowsStandalone target not found
Refreshing native plugins compatible for Editor in 1.66 ms, found 2 plugins.
Preloading 0 native plugins for Editor in 0.00 ms.
Mono: successfully reloaded assembly
- Completed reload, in  1.479 seconds
Platform modules already initialized, skipping
Switching build target platform(19) subTarget(0) extendedPlatform(0) -> platform(13) subTarget(589824) extendedPlatform(0)
Refreshing native plugins compatible for Editor in 0.62 ms, found 2 plugins.
Preloading 0 native plugins for Editor in 0.00 ms.
Unloading 1959 Unused Serialized files (Serialized files now loaded: 0)
System memory in use before: 84.0 MB.
System memory in use after: 84.1 MB.

Unloading 49 unused Assets to reduce memory usage. Loaded Objects now: 2450.
Total: 5.286400 ms (FindLiveObjects: 0.195500 ms CreateObjectMapping: 0.063700 ms MarkObjects: 4.999500 ms  DeleteObjects: 0.026900 ms)

AssetImportParameters requested are different than current active one (requested -> active):
  custom:graphics/normal-map-encoding: 01000000000000000000000000000000 -> 02000000000000000000000000000000
========================================================================
Received Import Request.
  Time since last request: 301.236550 seconds.
  path: Assets/Scenes/2Play2.unity
  artifactKey: Guid(7a80f897bcd9de54a9d280a86fceffad) Importer(815301076,1909f56bfc062723c751e8b465ee728b)
Start importing Assets/Scenes/2Play2.unity using Guid(7a80f897bcd9de54a9d280a86fceffad) Importer(815301076,1909f56bfc062723c751e8b465ee728b)  -> (artifact id: '6b91d63480f1c19e11f9b8855d3563ce') in 0.019221 seconds
  Import took 0.023738 seconds .

========================================================================
Received Prepare
Registering precompiled user dll's ...
Registered in 0.004443 seconds.
Begin MonoManager ReloadAssembly
Native extension for WindowsStandalone target not found
Refreshing native plugins compatible for Editor in 0.73 ms, found 2 plugins.
Preloading 0 native plugins for Editor in 0.00 ms.
Mono: successfully reloaded assembly
- Completed reload, in  1.924 seconds
Platform modules already initialized, skipping
Switching build target platform(19) subTarget(0) extendedPlatform(0) -> platform(13) subTarget(589824) extendedPlatform(0)
Refreshing native plugins compatible for Editor in 1.00 ms, found 2 plugins.
Preloading 0 native plugins for Editor in 0.00 ms.
Unloading 1959 Unused Serialized files (Serialized files now loaded: 0)
System memory in use before: 84.0 MB.
System memory in use after: 84.1 MB.

Unloading 49 unused Assets to reduce memory usage. Loaded Objects now: 2453.
Total: 10.830700 ms (FindLiveObjects: 0.215300 ms CreateObjectMapping: 0.089000 ms MarkObjects: 10.463600 ms  DeleteObjects: 0.061400 ms)

AssetImportParameters requested are different than current active one (requested -> active):
  custom:graphics/normal-map-encoding: 01000000000000000000000000000000 -> 02000000000000000000000000000000
========================================================================
Received Prepare
Registering precompiled user dll's ...
Registered in 0.004497 seconds.
Begin MonoManager ReloadAssembly
Native extension for WindowsStandalone target not found
Refreshing native plugins compatible for Editor in 0.63 ms, found 2 plugins.
Preloading 0 native plugins for Editor in 0.00 ms.
Mono: successfully reloaded assembly
- Completed reload, in  1.495 seconds
Platform modules already initialized, skipping
Switching build target platform(19) subTarget(0) extendedPlatform(0) -> platform(13) subTarget(589824) extendedPlatform(0)
Refreshing native plugins compatible for Editor in 1.21 ms, found 2 plugins.
Preloading 0 native plugins for Editor in 0.00 ms.
Unloading 1959 Unused Serialized files (Serialized files now loaded: 0)
System memory in use before: 84.0 MB.
System memory in use after: 84.1 MB.

Unloading 49 unused Assets to reduce memory usage. Loaded Objects now: 2456.
Total: 7.050200 ms (FindLiveObjects: 0.178400 ms CreateObjectMapping: 0.063200 ms MarkObjects: 6.778500 ms  DeleteObjects: 0.028400 ms)

AssetImportParameters requested are different than current active one (requested -> active):
  custom:graphics/normal-map-encoding: 01000000000000000000000000000000 -> 02000000000000000000000000000000
========================================================================
Received Prepare
Registering precompiled user dll's ...
Registered in 0.005921 seconds.
Begin MonoManager ReloadAssembly
Native extension for WindowsStandalone target not found
Refreshing native plugins compatible for Editor in 0.70 ms, found 2 plugins.
Preloading 0 native plugins for Editor in 0.00 ms.
Mono: successfully reloaded assembly
- Completed reload, in  1.515 seconds
Platform modules already initialized, skipping
Switching build target platform(19) subTarget(0) extendedPlatform(0) -> platform(13) subTarget(589824) extendedPlatform(0)
Refreshing native plugins compatible for Editor in 0.70 ms, found 2 plugins.
Preloading 0 native plugins for Editor in 0.00 ms.
Unloading 1959 Unused Serialized files (Serialized files now loaded: 0)
System memory in use before: 84.0 MB.
System memory in use after: 84.1 MB.

Unloading 49 unused Assets to reduce memory usage. Loaded Objects now: 2459.
Total: 5.777700 ms (FindLiveObjects: 0.209000 ms CreateObjectMapping: 0.063900 ms MarkObjects: 5.464500 ms  DeleteObjects: 0.038900 ms)

AssetImportParameters requested are different than current active one (requested -> active):
  custom:graphics/normal-map-encoding: 01000000000000000000000000000000 -> 02000000000000000000000000000000
========================================================================
Received Prepare
Registering precompiled user dll's ...
Registered in 0.003938 seconds.
Begin MonoManager ReloadAssembly
Native extension for WindowsStandalone target not found
Refreshing native plugins compatible for Editor in 0.64 ms, found 2 plugins.
Preloading 0 native plugins for Editor in 0.00 ms.
Mono: successfully reloaded assembly
- Completed reload, in  1.438 seconds
Platform modules already initialized, skipping
Switching build target platform(19) subTarget(0) extendedPlatform(0) -> platform(13) subTarget(589824) extendedPlatform(0)
Refreshing native plugins compatible for Editor in 0.62 ms, found 2 plugins.
Preloading 0 native plugins for Editor in 0.00 ms.
Unloading 1959 Unused Serialized files (Serialized files now loaded: 0)
System memory in use before: 84.0 MB.
System memory in use after: 84.1 MB.

Unloading 49 unused Assets to reduce memory usage. Loaded Objects now: 2462.
Total: 8.464100 ms (FindLiveObjects: 0.181800 ms CreateObjectMapping: 0.066300 ms MarkObjects: 8.176700 ms  DeleteObjects: 0.037800 ms)

AssetImportParameters requested are different than current active one (requested -> active):
  custom:graphics/normal-map-encoding: 01000000000000000000000000000000 -> 02000000000000000000000000000000
========================================================================
Received Prepare
Registering precompiled user dll's ...
Registered in 0.004796 seconds.
Begin MonoManager ReloadAssembly
Native extension for WindowsStandalone target not found
Refreshing native plugins compatible for Editor in 0.64 ms, found 2 plugins.
Preloading 0 native plugins for Editor in 0.00 ms.
Mono: successfully reloaded assembly
- Completed reload, in  1.583 seconds
Platform modules already initialized, skipping
Switching build target platform(19) subTarget(0) extendedPlatform(0) -> platform(13) subTarget(589824) extendedPlatform(0)
Refreshing native plugins compatible for Editor in 0.67 ms, found 2 plugins.
Preloading 0 native plugins for Editor in 0.00 ms.
Unloading 1959 Unused Serialized files (Serialized files now loaded: 0)
System memory in use before: 84.0 MB.
System memory in use after: 84.1 MB.

Unloading 49 unused Assets to reduce memory usage. Loaded Objects now: 2465.
Total: 5.748400 ms (FindLiveObjects: 0.201000 ms CreateObjectMapping: 0.072500 ms MarkObjects: 5.439500 ms  DeleteObjects: 0.033900 ms)

AssetImportParameters requested are different than current active one (requested -> active):
  custom:graphics/normal-map-encoding: 01000000000000000000000000000000 -> 02000000000000000000000000000000
========================================================================
Received Prepare
Registering precompiled user dll's ...
Registered in 0.005216 seconds.
Begin MonoManager ReloadAssembly
Native extension for WindowsStandalone target not found
Refreshing native plugins compatible for Editor in 0.73 ms, found 2 plugins.
Preloading 0 native plugins for Editor in 0.00 ms.
Mono: successfully reloaded assembly
- Completed reload, in  1.257 seconds
Platform modules already initialized, skipping
Switching build target platform(19) subTarget(0) extendedPlatform(0) -> platform(13) subTarget(589824) extendedPlatform(0)
Refreshing native plugins compatible for Editor in 0.65 ms, found 2 plugins.
Preloading 0 native plugins for Editor in 0.00 ms.
Unloading 1959 Unused Serialized files (Serialized files now loaded: 0)
System memory in use before: 84.0 MB.
System memory in use after: 84.1 MB.

Unloading 49 unused Assets to reduce memory usage. Loaded Objects now: 2468.
Total: 5.812900 ms (FindLiveObjects: 0.195800 ms CreateObjectMapping: 0.065700 ms MarkObjects: 5.515900 ms  DeleteObjects: 0.033900 ms)

AssetImportParameters requested are different than current active one (requested -> active):
  custom:graphics/normal-map-encoding: 01000000000000000000000000000000 -> 02000000000000000000000000000000
========================================================================
Received Prepare
Registering precompiled user dll's ...
Registered in 0.003569 seconds.
Begin MonoManager ReloadAssembly
Native extension for WindowsStandalone target not found
Refreshing native plugins compatible for Editor in 0.86 ms, found 2 plugins.
Preloading 0 native plugins for Editor in 0.00 ms.
Mono: successfully reloaded assembly
- Completed reload, in  1.252 seconds
Platform modules already initialized, skipping
Switching build target platform(19) subTarget(0) extendedPlatform(0) -> platform(13) subTarget(589824) extendedPlatform(0)
Refreshing native plugins compatible for Editor in 0.79 ms, found 2 plugins.
Preloading 0 native plugins for Editor in 0.00 ms.
Unloading 1959 Unused Serialized files (Serialized files now loaded: 0)
System memory in use before: 84.0 MB.
System memory in use after: 84.1 MB.

Unloading 49 unused Assets to reduce memory usage. Loaded Objects now: 2471.
Total: 6.062300 ms (FindLiveObjects: 0.197900 ms CreateObjectMapping: 0.082400 ms MarkObjects: 5.720900 ms  DeleteObjects: 0.059800 ms)

AssetImportParameters requested are different than current active one (requested -> active):
  custom:graphics/normal-map-encoding: 01000000000000000000000000000000 -> 02000000000000000000000000000000
AssetImportWorkerClient::OnTransportError - code=2 error=End of file
